2020-09-04 12:54:33.091 | INFO     |  8840 | mycroft.messagebus.load_config:load_message_bus_config:33 | Loading message bus configs
ALSA lib confmisc.c:767:(parse_card) cannot find card '0'
ALSA lib conf.c:4528:(_snd_config_evaluate) function snd_func_card_driver returned error: No such file or directory
ALSA lib confmisc.c:392:(snd_func_concat) error evaluating strings
ALSA lib conf.c:4528:(_snd_config_evaluate) function snd_func_concat returned error: No such file or directory
ALSA lib confmisc.c:1246:(snd_func_refer) error evaluating name
ALSA lib conf.c:4528:(_snd_config_evaluate) function snd_func_refer returned error: No such file or directory
ALSA lib conf.c:5007:(snd_config_expand) Evaluate error: No such file or directory
ALSA lib pcm.c:2495:(snd_pcm_open_noupdate) Unknown PCM sysdefault
ALSA lib confmisc.c:767:(parse_card) cannot find card '0'
ALSA lib conf.c:4528:(_snd_config_evaluate) function snd_func_card_driver returned error: No such file or directory
ALSA lib confmisc.c:392:(snd_func_concat) error evaluating strings
ALSA lib conf.c:4528:(_snd_config_evaluate) function snd_func_concat returned error: No such file or directory
ALSA lib confmisc.c:1246:(snd_func_refer) error evaluating name
ALSA lib conf.c:4528:(_snd_config_evaluate) function snd_func_refer returned error: No such file or directory
ALSA lib conf.c:5007:(snd_config_expand) Evaluate error: No such file or directory
ALSA lib pcm.c:2495:(snd_pcm_open_noupdate) Unknown PCM sysdefault
ALSA lib pcm.c:2495:(snd_pcm_open_noupdate) Unknown PCM cards.pcm.front
ALSA lib pcm.c:2495:(snd_pcm_open_noupdate) Unknown PCM cards.pcm.rear
ALSA lib pcm.c:2495:(snd_pcm_open_noupdate) Unknown PCM cards.pcm.center_lfe
ALSA lib pcm.c:2495:(snd_pcm_open_noupdate) Unknown PCM cards.pcm.side
ALSA lib pcm.c:2495:(snd_pcm_open_noupdate) Unknown PCM cards.pcm.surround21
ALSA lib pcm.c:2495:(snd_pcm_open_noupdate) Unknown PCM cards.pcm.surround21
ALSA lib pcm.c:2495:(snd_pcm_open_noupdate) Unknown PCM cards.pcm.surround40
ALSA lib pcm.c:2495:(snd_pcm_open_noupdate) Unknown PCM cards.pcm.surround41
ALSA lib pcm.c:2495:(snd_pcm_open_noupdate) Unknown PCM cards.pcm.surround50
ALSA lib pcm.c:2495:(snd_pcm_open_noupdate) Unknown PCM cards.pcm.surround51
ALSA lib pcm.c:2495:(snd_pcm_open_noupdate) Unknown PCM cards.pcm.surround71
ALSA lib pcm.c:2495:(snd_pcm_open_noupdate) Unknown PCM cards.pcm.iec958
ALSA lib pcm.c:2495:(snd_pcm_open_noupdate) Unknown PCM cards.pcm.iec958
ALSA lib pcm.c:2495:(snd_pcm_open_noupdate) Unknown PCM cards.pcm.iec958
ALSA lib pcm.c:2495:(snd_pcm_open_noupdate) Unknown PCM cards.pcm.hdmi
ALSA lib pcm.c:2495:(snd_pcm_open_noupdate) Unknown PCM cards.pcm.hdmi
ALSA lib pcm.c:2495:(snd_pcm_open_noupdate) Unknown PCM cards.pcm.modem
ALSA lib pcm.c:2495:(snd_pcm_open_noupdate) Unknown PCM cards.pcm.modem
ALSA lib pcm.c:2495:(snd_pcm_open_noupdate) Unknown PCM cards.pcm.phoneline
ALSA lib pcm.c:2495:(snd_pcm_open_noupdate) Unknown PCM cards.pcm.phoneline
ALSA lib confmisc.c:767:(parse_card) cannot find card '0'
ALSA lib conf.c:4528:(_snd_config_evaluate) function snd_func_card_driver returned error: No such file or directory
ALSA lib confmisc.c:392:(snd_func_concat) error evaluating strings
ALSA lib conf.c:4528:(_snd_config_evaluate) function snd_func_concat returned error: No such file or directory
ALSA lib confmisc.c:1246:(snd_func_refer) error evaluating name
ALSA lib conf.c:4528:(_snd_config_evaluate) function snd_func_refer returned error: No such file or directory
ALSA lib conf.c:5007:(snd_config_expand) Evaluate error: No such file or directory
ALSA lib pcm.c:2495:(snd_pcm_open_noupdate) Unknown PCM dmix
2020-09-04 12:54:33.261 | INFO     |  8840 | mycroft.client.speech.listener:create_wake_word_recognizer:328 | Creating wake word engine
2020-09-04 12:54:33.262 | INFO     |  8840 | mycroft.client.speech.listener:create_wake_word_recognizer:351 | Using hotword entry for hey mycroft
2020-09-04 12:54:33.264 | INFO     |  8840 | mycroft.client.speech.hotword_factory:load_module:403 | Loading "hey mycroft" wake word via precise
2020-09-04 12:54:33.910 | INFO     |  8840 | mycroft.client.speech.hotword_factory:on_download:254 | Downloading Precise executable...
2020-09-04 12:54:36.231 | INFO     |  8840 | mycroft.client.speech.hotword_factory:on_complete:274 | Precise download complete!
2020-09-04 12:54:36.374 | INFO     |  8840 | mycroft.client.speech.hotword_factory:load_module:403 | Loading "hey mycroft" wake word via pocketsphinx
2020-09-04 12:54:36.405 | INFO     |  8840 | mycroft.client.speech.listener:create_wakeup_recognizer:365 | creating stand up word engine
2020-09-04 12:54:36.406 | INFO     |  8840 | mycroft.client.speech.hotword_factory:load_module:403 | Loading "wake up" wake word via pocketsphinx
2020-09-04 12:54:36.432 | INFO     |  8840 | mycroft.messagebus.client.client:on_open:114 | Connected
2020-09-04 12:54:36.437 | INFO     |  8840 | __main__:on_ready:175 | Speech client is ready.
2020-09-04 12:54:38.631 | INFO     |  8840 | mycroft.client.speech.listener:create_wake_word_recognizer:328 | Creating wake word engine
2020-09-04 12:54:38.632 | INFO     |  8840 | mycroft.client.speech.listener:create_wake_word_recognizer:351 | Using hotword entry for hey mycroft
2020-09-04 12:54:38.632 | INFO     |  8840 | mycroft.client.speech.hotword_factory:load_module:403 | Loading "hey mycroft" wake word via precise
2020-09-04 12:54:39.247 | INFO     |  8840 | mycroft.client.speech.hotword_factory:<lambda>:238 | Updated precise model
2020-09-04 12:54:39.403 | INFO     |  8840 | mycroft.client.speech.listener:create_wakeup_recognizer:365 | creating stand up word engine
2020-09-04 12:54:39.404 | INFO     |  8840 | mycroft.client.speech.hotword_factory:load_module:403 | Loading "wake up" wake word via pocketsphinx
2020-09-04 12:58:40.555 | INFO     |  8840 | __main__:on_stopping:179 | Speech service is shutting down...
