2020-09-04 12:54:33.008 | INFO     |  8834 | mycroft.messagebus.load_config:load_message_bus_config:33 | Loading message bus configs
2020-09-04 12:54:33.028 | INFO     |  8834 | mycroft.messagebus.client.client:on_open:114 | Connected
2020-09-04 12:54:33.044 | INFO     |  8834 | __main__:_start_message_bus_client:231 | Connected to messagebus
2020-09-04 12:54:33.057 | INFO     |  8834 | mycroft.skills.msm_wrapper:create_msm:90 | Acquiring lock to instantiate MSM
2020-09-04 12:54:33.058 | INFO     |  8834 | msm.mycroft_skills_manager | building SkillEntry objects for all skills
2020-09-04 12:54:34.585 | INFO     |  8834 | mycroft.skills.msm_wrapper:create_msm:106 | Releasing MSM instantiation lock.
2020-09-04 12:54:34.586 | INFO     |  8834 | mycroft.skills.skill_updater:_log_next_download_time:265 | Next scheduled skill update: 2020-09-04 12:54:33.586063
2020-09-04 12:54:34.586 | INFO     |  8834 | msm.skill_entry | Downloading skill: https://github.com/mycroftai/skill-pairing
2020-09-04 12:54:35.140 | INFO     |  8834 | msm.skill_entry | Installing system requirements...
2020-09-04 12:54:35.152 | INFO     |  8834 | msm.skill_entry | Successfully installed mycroft-pairing
2020-09-04 12:54:35.152 | INFO     |  8834 | msm.mycroft_skills_manager | invalidating skills cache
2020-09-04 12:54:35.153 | INFO     |  8834 | mycroft.skills.skill_loader:load:161 | ATTEMPTING TO LOAD SKILL: mycroft-pairing.mycroftai
2020-09-04 12:54:35.162 | INFO     |  8834 | mycroft.skills.settings:get_local_settings:78 | /opt/mycroft/skills/mycroft-pairing.mycroftai/settings.json
2020-09-04 12:54:35.190 | INFO     |  8834 | mycroft.skills.skill_loader:_check_for_first_run:300 | First run of mycroft-pairing.mycroftai
2020-09-04 12:54:35.194 | INFO     |  8834 | mycroft.skills.settings:save_settings:111 | Skill settings successfully saved to /home/travis/.config/mycroft/skills/mycroft-pairing.mycroftai/settings.json
2020-09-04 12:54:35.195 | INFO     |  8834 | mycroft.skills.skill_loader:_communicate_load_status:320 | Skill mycroft-pairing.mycroftai loaded successfully
2020-09-04 12:54:35.195 | INFO     |  8834 | msm.skill_entry | Downloading skill: https://github.com/mycroftai/skill-volume
2020-09-04 12:54:35.633 | INFO     |  8834 | msm.skill_entry | Installing system requirements...
2020-09-04 12:54:35.649 | INFO     |  8834 | msm.skill_entry | Installing requirements.txt for mycroft-volume
2020-09-04 12:54:36.692 | INFO     |  8834 | msm.skill_entry | Successfully installed mycroft-volume
2020-09-04 12:54:36.692 | INFO     |  8834 | msm.mycroft_skills_manager | invalidating skills cache
2020-09-04 12:54:36.693 | INFO     |  8834 | mycroft.skills.skill_loader:load:161 | ATTEMPTING TO LOAD SKILL: mycroft-volume.mycroftai
2020-09-04 12:54:36.701 | INFO     |  8834 | mycroft.skills.settings:get_local_settings:78 | /opt/mycroft/skills/mycroft-volume.mycroftai/settings.json
2020-09-04 12:54:36.777 | INFO     |  8834 | mycroft.skills.skill_loader:_check_for_first_run:300 | First run of mycroft-volume.mycroftai
2020-09-04 12:54:36.778 | INFO     |  8834 | mycroft.skills.settings:save_settings:111 | Skill settings successfully saved to /home/travis/.config/mycroft/skills/mycroft-volume.mycroftai/settings.json
2020-09-04 12:54:36.780 | INFO     |  8834 | mycroft.skills.skill_loader:_communicate_load_status:320 | Skill mycroft-volume.mycroftai loaded successfully
2020-09-04 12:54:36.831 | INFO     |  8834 | __main__:_update_system:154 | Attempting system update...
2020-09-04 12:54:39.841 | INFO     |  8834 | mycroft.enclosure.display_manager:_write_data:70 | Display Manager is creating /tmp/mycroft/ipc/managers/disp_info
2020-09-04 12:54:39.842 | INFO     |  8834 | __main__:_ensure_device_is_paired:133 | Device not paired, invoking the pairing skill
2020-09-04 12:54:39.855 | INFO     |  8834 | __main__:on_ready:177 | Skill service is ready.
2020-09-04 12:54:39.857 | INFO     |  8834 | msm.mycroft_skills_manager | building SkillEntry objects for all skills
2020-09-04 12:54:40.186 | INFO     |  8834 | mycroft.skills.skill_manager:run:231 | Not all default skills are installed, performing skill update...
2020-09-04 12:54:40.187 | INFO     |  8834 | mycroft.skills.skill_updater:update_skills:147 | Beginning skill update...
2020-09-04 12:54:40.251 | INFO     |  8834 | msm.mycroft_skills_manager | building SkillEntry objects for all skills
2020-09-04 12:54:40.534 | INFO     |  8834 | msm.mycroft_skills_manager | invalidating skills cache
2020-09-04 12:54:40.579 | INFO     |  8834 | msm.skill_entry | Downloading skill: https://github.com/mycroftai/skill-joke
2020-09-04 12:54:40.584 | INFO     |  8834 | msm.skill_entry | Downloading skill: https://github.com/mycroftai/skill-configuration
2020-09-04 12:54:40.618 | INFO     |  8834 | msm.skill_entry | Downloading skill: https://github.com/mycroftai/skill-date-time
2020-09-04 12:54:40.621 | INFO     |  8834 | msm.skill_entry | Downloading skill: https://github.com/mycroftai/skill-naptime
2020-09-04 12:54:40.622 | INFO     |  8834 | msm.skill_entry | Downloading skill: https://github.com/mycroftai/skill-personal
2020-09-04 12:54:40.632 | INFO     |  8834 | msm.skill_entry | Downloading skill: https://github.com/mycroftai/fallback-duckduckgo
2020-09-04 12:54:40.675 | INFO     |  8834 | msm.skill_entry | Downloading skill: https://github.com/mycroftai/skill-audio-record
2020-09-04 12:54:40.686 | INFO     |  8834 | msm.skill_entry | Downloading skill: https://github.com/mycroftai/skill-installer
2020-09-04 12:54:40.687 | INFO     |  8834 | msm.skill_entry | Downloading skill: https://github.com/mycroftai/skill-playback-control
2020-09-04 12:54:40.711 | INFO     |  8834 | msm.skill_entry | Downloading skill: https://github.com/mycroftai/skill-alarm
2020-09-04 12:54:40.760 | INFO     |  8834 | msm.skill_entry | Downloading skill: https://github.com/mycroftai/skill-hello-world
2020-09-04 12:54:40.793 | INFO     |  8834 | msm.skill_entry | Downloading skill: https://github.com/mycroftai/skill-ip
2020-09-04 12:54:40.801 | INFO     |  8834 | msm.skill_entry | Downloading skill: https://github.com/mycroftai/skill-reminder
2020-09-04 12:54:40.815 | INFO     |  8834 | msm.skill_entry | Downloading skill: https://github.com/mycroftai/skill-singing
2020-09-04 12:54:40.832 | INFO     |  8834 | msm.skill_entry | Downloading skill: https://github.com/mycroftai/skill-npr-news
2020-09-04 12:54:41.253 | INFO     |  8834 | msm.skill_entry | Downloading skill: https://github.com/mycroftai/fallback-unknown
2020-09-04 12:54:41.269 | INFO     |  8834 | msm.skill_entry | Downloading skill: https://github.com/mycroftai/fallback-wolfram-alpha
2020-09-04 12:54:41.441 | INFO     |  8834 | msm.skill_entry | Installing system requirements...
2020-09-04 12:54:41.546 | INFO     |  8834 | msm.skill_entry | Installing requirements.txt for mycroft-joke
2020-09-04 12:54:41.797 | INFO     |  8834 | msm.skill_entry | Installing system requirements...
2020-09-04 12:54:41.855 | INFO     |  8834 | msm.skill_entry | Installing system requirements...
2020-09-04 12:54:41.860 | INFO     |  8834 | msm.skill_entry | Installing system requirements...
2020-09-04 12:54:41.898 | INFO     |  8834 | msm.skill_entry | Successfully installed mycroft-personal
2020-09-04 12:54:41.898 | INFO     |  8834 | msm.mycroft_skills_manager | invalidating skills cache
2020-09-04 12:54:41.900 | INFO     |  8834 | msm.skill_entry | Downloading skill: https://github.com/mycroftai/skill-speak
2020-09-04 12:54:41.939 | INFO     |  8834 | msm.skill_entry | Installing system requirements...
2020-09-04 12:54:41.998 | INFO     |  8834 | msm.skill_entry | Installing requirements.txt for mycroft-configuration
2020-09-04 12:54:42.040 | INFO     |  8834 | msm.skill_entry | Installing system requirements...
2020-09-04 12:54:42.115 | INFO     |  8834 | msm.skill_entry | Installing system requirements...
2020-09-04 12:54:42.119 | INFO     |  8834 | msm.skill_entry | Installing requirements.txt for mycroft-fallback-duck-duck-go
2020-09-04 12:54:42.126 | INFO     |  8834 | msm.skill_entry | Installing system requirements...
2020-09-04 12:54:42.167 | INFO     |  8834 | msm.skill_entry | Successfully installed mycroft-hello-world
2020-09-04 12:54:42.167 | INFO     |  8834 | msm.mycroft_skills_manager | invalidating skills cache
2020-09-04 12:54:42.179 | INFO     |  8834 | msm.skill_entry | Successfully installed mycroft-naptime
2020-09-04 12:54:42.179 | INFO     |  8834 | msm.mycroft_skills_manager | invalidating skills cache
2020-09-04 12:54:42.181 | INFO     |  8834 | msm.skill_entry | Downloading skill: https://github.com/mycroftai/skill-spelling
2020-09-04 12:54:42.214 | INFO     |  8834 | msm.skill_entry | Installing system requirements...
2020-09-04 12:54:42.215 | INFO     |  8834 | msm.skill_entry | Downloading skill: https://github.com/mycroftai/skill-stock
2020-09-04 12:54:42.216 | INFO     |  8834 | msm.skill_entry | Installing requirements.txt for mycroft-audio-record
2020-09-04 12:54:42.306 | INFO     |  8834 | msm.skill_entry | Installing requirements.txt for mycroft-ip
2020-09-04 12:54:42.338 | ERROR    |  8834 | msm.mycroft_skills_manager | Error running install_or_update on homeassistant.mycroftai: MergeConflict
2020-09-04 12:54:42.342 | INFO     |  8834 | msm.skill_entry | Downloading skill: https://github.com/mycroftai/skill-stop
2020-09-04 12:54:42.370 | INFO     |  8834 | msm.skill_entry | Installing system requirements...
2020-09-04 12:54:42.375 | INFO     |  8834 | msm.skill_entry | Successfully installed mycroft-playback-control
2020-09-04 12:54:42.376 | INFO     |  8834 | msm.mycroft_skills_manager | invalidating skills cache
2020-09-04 12:54:42.378 | INFO     |  8834 | msm.skill_entry | Installing system requirements...
2020-09-04 12:54:42.379 | INFO     |  8834 | msm.skill_entry | Installing system requirements...
2020-09-04 12:54:42.388 | INFO     |  8834 | msm.skill_entry | Downloading skill: https://github.com/mycroftai/skill-support
2020-09-04 12:54:42.412 | INFO     |  8834 | msm.skill_entry | Installing system requirements...
2020-09-04 12:54:42.420 | INFO     |  8834 | msm.skill_entry | Installing system requirements...
2020-09-04 12:54:42.440 | INFO     |  8834 | msm.skill_entry | Installing system requirements...
2020-09-04 12:54:42.487 | INFO     |  8834 | msm.skill_entry | Installing requirements.txt for fallback-wolfram-alpha
2020-09-04 12:54:42.494 | INFO     |  8834 | msm.skill_entry | Installing requirements.txt for mycroft-npr-news
2020-09-04 12:54:42.500 | INFO     |  8834 | msm.skill_entry | Successfully installed fallback-unknown
2020-09-04 12:54:42.500 | INFO     |  8834 | msm.mycroft_skills_manager | invalidating skills cache
2020-09-04 12:54:42.501 | INFO     |  8834 | msm.skill_entry | Downloading skill: https://github.com/mycroftai/mycroft-timer
2020-09-04 12:54:42.513 | INFO     |  8834 | msm.skill_entry | Installing requirements.txt for mycroft-installer
2020-09-04 12:54:42.521 | INFO     |  8834 | msm.skill_entry | Successfully installed mycroft-reminder
2020-09-04 12:54:42.521 | INFO     |  8834 | msm.mycroft_skills_manager | invalidating skills cache
2020-09-04 12:54:42.523 | INFO     |  8834 | msm.skill_entry | Downloading skill: https://github.com/mycroftai/skill-weather
2020-09-04 12:54:42.554 | INFO     |  8834 | msm.skill_entry | Installing requirements.txt for mycroft-date-time
2020-09-04 12:54:42.684 | INFO     |  8834 | msm.skill_entry | Nothing new for mycroft-pairing
2020-09-04 12:54:42.690 | INFO     |  8834 | msm.skill_entry | Installing system requirements...
2020-09-04 12:54:42.755 | INFO     |  8834 | msm.skill_entry | Downloading skill: https://github.com/mycroftai/skill-version-checker
2020-09-04 12:54:42.827 | INFO     |  8834 | msm.skill_entry | Installing system requirements...
2020-09-04 12:54:42.886 | INFO     |  8834 | msm.skill_entry | Nothing new for mycroft-volume
2020-09-04 12:54:42.897 | INFO     |  8834 | msm.skill_entry | Installing requirements.txt for mycroft-alarm
2020-09-04 12:54:42.924 | INFO     |  8834 | msm.skill_entry | Installing system requirements...
2020-09-04 12:54:43.015 | INFO     |  8834 | msm.skill_entry | Installing system requirements...
2020-09-04 12:54:43.019 | INFO     |  8834 | msm.skill_entry | Installing requirements.txt for mycroft-volume
2020-09-04 12:54:43.114 | INFO     |  8834 | msm.skill_entry | Installing system requirements...
2020-09-04 12:54:43.139 | INFO     |  8834 | msm.skill_entry | Installing system requirements...
2020-09-04 12:54:43.156 | INFO     |  8834 | msm.skill_entry | Successfully installed mycroft-speak
2020-09-04 12:54:43.157 | INFO     |  8834 | msm.mycroft_skills_manager | invalidating skills cache
2020-09-04 12:54:43.159 | INFO     |  8834 | msm.skill_entry | Downloading skill: https://github.com/mycroftai/skill-wiki
2020-09-04 12:54:43.211 | INFO     |  8834 | msm.skill_entry | Successfully installed mycroft-spelling
2020-09-04 12:54:43.212 | INFO     |  8834 | msm.mycroft_skills_manager | invalidating skills cache
2020-09-04 12:54:43.229 | INFO     |  8834 | msm.skill_entry | Downloading skill: https://github.com/MycroftAI/skill-query
2020-09-04 12:54:43.238 | INFO     |  8834 | msm.skill_entry | Installing requirements.txt for mycroft-stock
2020-09-04 12:54:43.248 | INFO     |  8834 | msm.skill_entry | Installing system requirements...
2020-09-04 12:54:43.265 | INFO     |  8834 | msm.skill_entry | Installing system requirements...
2020-09-04 12:54:43.321 | INFO     |  8834 | msm.skill_entry | Installing requirements.txt for mycroft-support-helper
2020-09-04 12:54:43.328 | INFO     |  8834 | msm.skill_entry | Successfully installed mycroft-stop
2020-09-04 12:54:43.329 | INFO     |  8834 | msm.mycroft_skills_manager | invalidating skills cache
2020-09-04 12:54:43.511 | INFO     |  8834 | msm.skill_entry | Installing system requirements...
2020-09-04 12:54:43.577 | INFO     |  8834 | msm.skill_entry | Successfully installed mycroft-version-checker
2020-09-04 12:54:43.578 | INFO     |  8834 | msm.mycroft_skills_manager | invalidating skills cache
2020-09-04 12:54:43.692 | INFO     |  8834 | msm.skill_entry | Installing system requirements...
2020-09-04 12:54:43.705 | ERROR    |  8834 | msm.mycroft_skills_manager | Error running install_or_update on homeassistant: MergeConflict
2020-09-04 12:54:43.726 | INFO     |  8834 | msm.skill_entry | Installing requirements.txt for mycroft-timer
2020-09-04 12:54:43.770 | INFO     |  8834 | msm.skill_entry | Installing system requirements...
2020-09-04 12:54:43.785 | INFO     |  8834 | msm.skill_entry | Installing requirements.txt for mycroft-weather
2020-09-04 12:54:43.908 | INFO     |  8834 | msm.skill_entry | Installing system requirements...
2020-09-04 12:54:43.934 | INFO     |  8834 | msm.skill_entry | Installing requirements.txt for mycroft-wiki
2020-09-04 12:54:43.940 | INFO     |  8834 | msm.skill_entry | Installing system requirements...
2020-09-04 12:54:43.976 | INFO     |  8834 | msm.skill_entry | Successfully installed fallback-query
2020-09-04 12:54:43.977 | INFO     |  8834 | msm.mycroft_skills_manager | invalidating skills cache
2020-09-04 12:54:44.071 | INFO     |  8834 | msm.skill_entry | Installing system requirements...
2020-09-04 12:54:44.083 | INFO     |  8834 | msm.skill_entry | Successfully installed mycroft-singing
2020-09-04 12:54:44.083 | INFO     |  8834 | msm.mycroft_skills_manager | invalidating skills cache
2020-09-04 12:54:44.697 | INFO     |  8834 | msm.skill_entry | Successfully installed mycroft-joke
2020-09-04 12:54:44.698 | INFO     |  8834 | msm.mycroft_skills_manager | invalidating skills cache
2020-09-04 12:54:46.999 | INFO     |  8834 | msm.skill_entry | Successfully installed mycroft-configuration
2020-09-04 12:54:47.000 | INFO     |  8834 | msm.mycroft_skills_manager | invalidating skills cache
2020-09-04 12:54:47.729 | INFO     |  8834 | mycroft.skills.settings:save_settings:111 | Skill settings successfully saved to /home/travis/.config/mycroft/skills/mycroft-pairing.mycroftai/settings.json
2020-09-04 12:54:47.969 | INFO     |  8834 | msm.skill_entry | Successfully installed mycroft-fallback-duck-duck-go
2020-09-04 12:54:47.970 | INFO     |  8834 | msm.mycroft_skills_manager | invalidating skills cache
2020-09-04 12:54:48.725 | INFO     |  8834 | msm.skill_entry | Successfully installed mycroft-audio-record
2020-09-04 12:54:48.725 | INFO     |  8834 | msm.mycroft_skills_manager | invalidating skills cache
2020-09-04 12:54:49.504 | INFO     |  8834 | msm.skill_entry | Successfully installed mycroft-ip
2020-09-04 12:54:49.504 | INFO     |  8834 | msm.mycroft_skills_manager | invalidating skills cache
2020-09-04 12:54:53.054 | INFO     |  8834 | msm.skill_entry | Successfully installed fallback-wolfram-alpha
2020-09-04 12:54:53.054 | INFO     |  8834 | msm.mycroft_skills_manager | invalidating skills cache
2020-09-04 12:54:57.847 | INFO     |  8834 | PairingSkill | Pairing code: YRTJV4
2020-09-04 12:55:02.357 | INFO     |  8834 | msm.skill_entry | Successfully installed mycroft-npr-news
2020-09-04 12:55:02.359 | INFO     |  8834 | msm.mycroft_skills_manager | invalidating skills cache
2020-09-04 12:55:03.168 | INFO     |  8834 | msm.skill_entry | Successfully installed mycroft-installer
2020-09-04 12:55:03.169 | INFO     |  8834 | msm.mycroft_skills_manager | invalidating skills cache
2020-09-04 12:55:17.574 | INFO     |  8834 | msm.skill_entry | Successfully installed mycroft-date-time
2020-09-04 12:55:17.575 | INFO     |  8834 | msm.mycroft_skills_manager | invalidating skills cache
2020-09-04 12:55:18.383 | INFO     |  8834 | msm.skill_entry | Successfully installed mycroft-alarm
2020-09-04 12:55:18.383 | INFO     |  8834 | msm.mycroft_skills_manager | invalidating skills cache
2020-09-04 12:55:19.976 | INFO     |  8834 | msm.skill_entry | Successfully installed mycroft-stock
2020-09-04 12:55:19.976 | INFO     |  8834 | msm.mycroft_skills_manager | invalidating skills cache
2020-09-04 12:55:22.529 | INFO     |  8834 | msm.skill_entry | Successfully installed mycroft-support-helper
2020-09-04 12:55:22.530 | INFO     |  8834 | msm.mycroft_skills_manager | invalidating skills cache
2020-09-04 12:55:23.370 | INFO     |  8834 | msm.skill_entry | Successfully installed mycroft-timer
2020-09-04 12:55:23.370 | INFO     |  8834 | msm.mycroft_skills_manager | invalidating skills cache
2020-09-04 12:55:28.756 | INFO     |  8834 | msm.skill_entry | Successfully installed mycroft-weather
2020-09-04 12:55:28.756 | INFO     |  8834 | msm.mycroft_skills_manager | invalidating skills cache
2020-09-04 12:55:30.426 | INFO     |  8834 | msm.skill_entry | Successfully installed mycroft-wiki
2020-09-04 12:55:30.426 | INFO     |  8834 | msm.mycroft_skills_manager | invalidating skills cache
2020-09-04 12:55:30.439 | INFO     |  8834 | mycroft.skills.skill_updater:_log_next_download_time:265 | Next scheduled skill update: 2020-09-04 13:55:30.439097
2020-09-04 12:55:30.439 | INFO     |  8834 | mycroft.skills.skill_updater:update_skills:168 | Skill update complete
2020-09-04 12:55:30.440 | INFO     |  8834 | mycroft.skills.skill_manager:_load_on_startup:270 | Loading installed skills...
2020-09-04 12:55:30.441 | INFO     |  8834 | mycroft.skills.skill_loader:load:161 | ATTEMPTING TO LOAD SKILL: mycroft-configuration.mycroftai
2020-09-04 12:55:30.448 | INFO     |  8834 | mycroft.skills.settings:get_local_settings:78 | /opt/mycroft/skills/mycroft-configuration.mycroftai/settings.json
2020-09-04 12:55:30.477 | INFO     |  8834 | mycroft.skills.skill_loader:_check_for_first_run:300 | First run of mycroft-configuration.mycroftai
2020-09-04 12:55:30.478 | INFO     |  8834 | mycroft.skills.settings:save_settings:111 | Skill settings successfully saved to /home/travis/.config/mycroft/skills/mycroft-configuration.mycroftai/settings.json
2020-09-04 12:55:30.479 | INFO     |  8834 | mycroft.skills.skill_loader:_communicate_load_status:320 | Skill mycroft-configuration.mycroftai loaded successfully
2020-09-04 12:55:30.480 | INFO     |  8834 | mycroft.skills.skill_loader:load:161 | ATTEMPTING TO LOAD SKILL: fallback-wolfram-alpha.mycroftai
2020-09-04 12:55:30.528 | INFO     |  8834 | mycroft.skills.settings:get_local_settings:78 | /opt/mycroft/skills/fallback-wolfram-alpha.mycroftai/settings.json
2020-09-04 12:55:30.550 | INFO     |  8834 | mycroft.skills.skill_loader:_check_for_first_run:300 | First run of fallback-wolfram-alpha.mycroftai
2020-09-04 12:55:30.551 | INFO     |  8834 | mycroft.skills.settings:save_settings:111 | Skill settings successfully saved to /home/travis/.config/mycroft/skills/fallback-wolfram-alpha.mycroftai/settings.json
2020-09-04 12:55:30.552 | INFO     |  8834 | mycroft.skills.skill_loader:_communicate_load_status:320 | Skill fallback-wolfram-alpha.mycroftai loaded successfully
2020-09-04 12:55:30.553 | INFO     |  8834 | mycroft.skills.skill_loader:load:161 | ATTEMPTING TO LOAD SKILL: mycroft-wiki.mycroftai
2020-09-04 12:55:30.644 | INFO     |  8834 | mycroft.skills.settings:get_local_settings:78 | /opt/mycroft/skills/mycroft-wiki.mycroftai/settings.json
2020-09-04 12:55:30.656 | INFO     |  8834 | mycroft.skills.skill_loader:_check_for_first_run:300 | First run of mycroft-wiki.mycroftai
2020-09-04 12:55:30.658 | INFO     |  8834 | mycroft.skills.settings:save_settings:111 | Skill settings successfully saved to /home/travis/.config/mycroft/skills/mycroft-wiki.mycroftai/settings.json
2020-09-04 12:55:30.660 | INFO     |  8834 | mycroft.skills.skill_loader:_communicate_load_status:320 | Skill mycroft-wiki.mycroftai loaded successfully
2020-09-04 12:55:30.660 | INFO     |  8834 | mycroft.skills.skill_loader:load:161 | ATTEMPTING TO LOAD SKILL: mycroft-singing.mycroftai
2020-09-04 12:55:30.667 | INFO     |  8834 | mycroft.skills.settings:get_local_settings:78 | /opt/mycroft/skills/mycroft-singing.mycroftai/settings.json
2020-09-04 12:55:30.682 | INFO     |  8834 | mycroft.skills.skill_loader:_check_for_first_run:300 | First run of mycroft-singing.mycroftai
2020-09-04 12:55:30.684 | INFO     |  8834 | mycroft.skills.settings:save_settings:111 | Skill settings successfully saved to /home/travis/.config/mycroft/skills/mycroft-singing.mycroftai/settings.json
2020-09-04 12:55:30.685 | INFO     |  8834 | mycroft.skills.skill_loader:_communicate_load_status:320 | Skill mycroft-singing.mycroftai loaded successfully
2020-09-04 12:55:30.686 | INFO     |  8834 | mycroft.skills.skill_loader:load:161 | ATTEMPTING TO LOAD SKILL: mycroft-audio-record.mycroftai
2020-09-04 12:55:30.691 | INFO     |  8834 | mycroft.skills.settings:get_local_settings:78 | /opt/mycroft/skills/mycroft-audio-record.mycroftai/settings.json
2020-09-04 12:55:30.702 | INFO     |  8834 | mycroft.skills.skill_loader:_check_for_first_run:300 | First run of mycroft-audio-record.mycroftai
2020-09-04 12:55:30.703 | INFO     |  8834 | mycroft.skills.settings:save_settings:111 | Skill settings successfully saved to /home/travis/.config/mycroft/skills/mycroft-audio-record.mycroftai/settings.json
2020-09-04 12:55:30.705 | INFO     |  8834 | mycroft.skills.skill_loader:_communicate_load_status:320 | Skill mycroft-audio-record.mycroftai loaded successfully
2020-09-04 12:55:30.705 | INFO     |  8834 | mycroft.skills.skill_loader:load:161 | ATTEMPTING TO LOAD SKILL: mycroft-naptime.mycroftai
2020-09-04 12:55:30.711 | INFO     |  8834 | mycroft.skills.settings:get_local_settings:78 | /opt/mycroft/skills/mycroft-naptime.mycroftai/settings.json
2020-09-04 12:55:30.722 | INFO     |  8834 | mycroft.skills.skill_loader:_check_for_first_run:300 | First run of mycroft-naptime.mycroftai
2020-09-04 12:55:30.723 | INFO     |  8834 | mycroft.skills.settings:save_settings:111 | Skill settings successfully saved to /home/travis/.config/mycroft/skills/mycroft-naptime.mycroftai/settings.json
2020-09-04 12:55:30.725 | INFO     |  8834 | mycroft.skills.skill_loader:_communicate_load_status:320 | Skill mycroft-naptime.mycroftai loaded successfully
2020-09-04 12:55:30.726 | INFO     |  8834 | mycroft.skills.skill_loader:load:161 | ATTEMPTING TO LOAD SKILL: mycroft-stock.mycroftai
2020-09-04 12:55:30.732 | INFO     |  8834 | mycroft.skills.settings:get_local_settings:78 | /opt/mycroft/skills/mycroft-stock.mycroftai/settings.json
2020-09-04 12:55:30.733 | ERROR    |  8834 | mycroft.skills.skill_loader:_create_skill_instance:271 | Skill __init__ failed with Exception('Skill has been disabled by Mycroft')
Traceback (most recent call last):
  File "/opt/mycroft-core/mycroft/skills/skill_loader.py", line 268, in _create_skill_instance
    self.instance = skill_module.create_skill()
  File "/opt/mycroft/skills/mycroft-stock.mycroftai/__init__.py", line 127, in create_skill
    return StockSkill()
  File "/opt/mycroft/skills/mycroft-stock.mycroftai/__init__.py", line 87, in __init__
    raise Exception('Skill has been disabled by Mycroft')
Exception: Skill has been disabled by Mycroft
2020-09-04 12:55:30.737 | ERROR    |  8834 | mycroft.skills.skill_loader:_communicate_load_status:327 | Skill mycroft-stock.mycroftai failed to load
2020-09-04 12:55:30.737 | INFO     |  8834 | mycroft.skills.skill_loader:load:161 | ATTEMPTING TO LOAD SKILL: mycroft-version-checker.mycroftai
2020-09-04 12:55:30.745 | INFO     |  8834 | mycroft.skills.settings:get_local_settings:78 | /opt/mycroft/skills/mycroft-version-checker.mycroftai/settings.json
2020-09-04 12:55:30.787 | INFO     |  8834 | mycroft.skills.skill_loader:_check_for_first_run:300 | First run of mycroft-version-checker.mycroftai
2020-09-04 12:55:30.788 | INFO     |  8834 | mycroft.skills.settings:save_settings:111 | Skill settings successfully saved to /home/travis/.config/mycroft/skills/mycroft-version-checker.mycroftai/settings.json
2020-09-04 12:55:30.789 | INFO     |  8834 | mycroft.skills.skill_loader:_communicate_load_status:320 | Skill mycroft-version-checker.mycroftai loaded successfully
2020-09-04 12:55:30.790 | INFO     |  8834 | mycroft.skills.skill_loader:load:161 | ATTEMPTING TO LOAD SKILL: mycroft-spelling.mycroftai
2020-09-04 12:55:30.796 | INFO     |  8834 | mycroft.skills.settings:get_local_settings:78 | /opt/mycroft/skills/mycroft-spelling.mycroftai/settings.json
2020-09-04 12:55:30.812 | INFO     |  8834 | mycroft.skills.skill_loader:_check_for_first_run:300 | First run of mycroft-spelling.mycroftai
2020-09-04 12:55:30.812 | INFO     |  8834 | mycroft.skills.settings:save_settings:111 | Skill settings successfully saved to /home/travis/.config/mycroft/skills/mycroft-spelling.mycroftai/settings.json
2020-09-04 12:55:30.815 | INFO     |  8834 | mycroft.skills.skill_loader:_communicate_load_status:320 | Skill mycroft-spelling.mycroftai loaded successfully
2020-09-04 12:55:30.815 | INFO     |  8834 | mycroft.skills.skill_loader:load:161 | ATTEMPTING TO LOAD SKILL: mycroft-fallback-duck-duck-go.mycroftai
2020-09-04 12:55:30.822 | INFO     |  8834 | mycroft.skills.settings:get_local_settings:78 | /opt/mycroft/skills/mycroft-fallback-duck-duck-go.mycroftai/settings.json
2020-09-04 12:55:30.828 | INFO     |  8834 | mycroft.skills.skill_loader:_check_for_first_run:300 | First run of mycroft-fallback-duck-duck-go.mycroftai
2020-09-04 12:55:30.829 | INFO     |  8834 | mycroft.skills.settings:save_settings:111 | Skill settings successfully saved to /home/travis/.config/mycroft/skills/mycroft-fallback-duck-duck-go.mycroftai/settings.json
2020-09-04 12:55:30.832 | INFO     |  8834 | mycroft.skills.skill_loader:_communicate_load_status:320 | Skill mycroft-fallback-duck-duck-go.mycroftai loaded successfully
2020-09-04 12:55:30.833 | INFO     |  8834 | mycroft.skills.skill_loader:load:161 | ATTEMPTING TO LOAD SKILL: mycroft-npr-news.mycroftai
2020-09-04 12:55:30.857 | INFO     |  8834 | mycroft.skills.settings:get_local_settings:78 | /opt/mycroft/skills/mycroft-npr-news.mycroftai/settings.json
2020-09-04 12:55:31.873 | INFO     |  8834 | mycroft.skills.skill_loader:_check_for_first_run:300 | First run of mycroft-npr-news.mycroftai
2020-09-04 12:55:31.875 | INFO     |  8834 | mycroft.skills.settings:save_settings:111 | Skill settings successfully saved to /home/travis/.config/mycroft/skills/mycroft-npr-news.mycroftai/settings.json
2020-09-04 12:55:31.876 | INFO     |  8834 | mycroft.skills.skill_loader:_communicate_load_status:320 | Skill mycroft-npr-news.mycroftai loaded successfully
2020-09-04 12:55:31.876 | INFO     |  8834 | mycroft.skills.skill_loader:load:161 | ATTEMPTING TO LOAD SKILL: mycroft-stop.mycroftai
2020-09-04 12:55:31.879 | INFO     |  8834 | mycroft.skills.settings:get_local_settings:78 | /opt/mycroft/skills/mycroft-stop.mycroftai/settings.json
2020-09-04 12:55:31.907 | INFO     |  8834 | mycroft.skills.skill_loader:_check_for_first_run:300 | First run of mycroft-stop.mycroftai
2020-09-04 12:55:31.908 | INFO     |  8834 | mycroft.skills.settings:save_settings:111 | Skill settings successfully saved to /home/travis/.config/mycroft/skills/mycroft-stop.mycroftai/settings.json
2020-09-04 12:55:31.909 | INFO     |  8834 | mycroft.skills.skill_loader:_communicate_load_status:320 | Skill mycroft-stop.mycroftai loaded successfully
2020-09-04 12:55:31.909 | INFO     |  8834 | mycroft.skills.skill_loader:load:161 | ATTEMPTING TO LOAD SKILL: mycroft-ip.mycroftai
2020-09-04 12:55:31.931 | INFO     |  8834 | mycroft.skills.settings:get_local_settings:78 | /opt/mycroft/skills/mycroft-ip.mycroftai/settings.json
2020-09-04 12:55:31.947 | INFO     |  8834 | mycroft.skills.skill_loader:_check_for_first_run:300 | First run of mycroft-ip.mycroftai
2020-09-04 12:55:31.950 | INFO     |  8834 | mycroft.skills.settings:save_settings:111 | Skill settings successfully saved to /home/travis/.config/mycroft/skills/mycroft-ip.mycroftai/settings.json
2020-09-04 12:55:31.956 | INFO     |  8834 | mycroft.skills.skill_loader:_communicate_load_status:320 | Skill mycroft-ip.mycroftai loaded successfully
2020-09-04 12:55:31.960 | INFO     |  8834 | mycroft.skills.skill_loader:load:161 | ATTEMPTING TO LOAD SKILL: mycroft-joke.mycroftai
2020-09-04 12:55:31.965 | INFO     |  8834 | mycroft.skills.settings:get_local_settings:78 | /opt/mycroft/skills/mycroft-joke.mycroftai/settings.json
2020-09-04 12:55:31.979 | INFO     |  8834 | mycroft.skills.skill_loader:_check_for_first_run:300 | First run of mycroft-joke.mycroftai
2020-09-04 12:55:31.981 | INFO     |  8834 | mycroft.skills.settings:save_settings:111 | Skill settings successfully saved to /home/travis/.config/mycroft/skills/mycroft-joke.mycroftai/settings.json
2020-09-04 12:55:31.983 | INFO     |  8834 | mycroft.skills.skill_loader:_communicate_load_status:320 | Skill mycroft-joke.mycroftai loaded successfully
2020-09-04 12:55:31.984 | INFO     |  8834 | mycroft.skills.skill_loader:load:161 | ATTEMPTING TO LOAD SKILL: mycroft-installer.mycroftai
2020-09-04 12:55:31.993 | INFO     |  8834 | mycroft.skills.settings:get_local_settings:78 | /opt/mycroft/skills/mycroft-installer.mycroftai/settings.json
2020-09-04 12:55:32.015 | INFO     |  8834 | mycroft.skills.skill_loader:_check_for_first_run:300 | First run of mycroft-installer.mycroftai
2020-09-04 12:55:32.016 | INFO     |  8834 | mycroft.skills.settings:save_settings:111 | Skill settings successfully saved to /home/travis/.config/mycroft/skills/mycroft-installer.mycroftai/settings.json
2020-09-04 12:55:32.019 | INFO     |  8834 | mycroft.skills.skill_loader:_communicate_load_status:320 | Skill mycroft-installer.mycroftai loaded successfully
2020-09-04 12:55:32.020 | INFO     |  8834 | mycroft.skills.skill_loader:load:161 | ATTEMPTING TO LOAD SKILL: mycroft-weather.mycroftai
2020-09-04 12:55:32.158 | INFO     |  8834 | mycroft.skills.settings:get_local_settings:78 | /opt/mycroft/skills/mycroft-weather.mycroftai/settings.json
2020-09-04 12:55:32.376 | ERROR    |  8834 | WeatherSkill | Failed to prime weather cache (HTTPError('{"error":"device not authorized"}\n'))
Removing event mycroft-weather.mycroftai:precache1
Removing event mycroft-weather.mycroftai:precache2
Removing event mycroft-weather.mycroftai:precache3
2020-09-04 12:55:32.521 | WARNING  |  8834 | WeatherSkill | Could not prepare forecasts. (HTTPError('{"error":"device not authorized"}\n'))
2020-09-04 12:55:32.529 | INFO     |  8834 | mycroft.skills.skill_loader:_check_for_first_run:300 | First run of mycroft-weather.mycroftai
2020-09-04 12:55:32.533 | INFO     |  8834 | mycroft.skills.settings:save_settings:111 | Skill settings successfully saved to /home/travis/.config/mycroft/skills/mycroft-weather.mycroftai/settings.json
2020-09-04 12:55:32.535 | INFO     |  8834 | mycroft.skills.skill_loader:_communicate_load_status:320 | Skill mycroft-weather.mycroftai loaded successfully
2020-09-04 12:55:32.537 | INFO     |  8834 | mycroft.skills.skill_loader:load:161 | ATTEMPTING TO LOAD SKILL: mycroft-playback-control.mycroftai
2020-09-04 12:55:32.590 | INFO     |  8834 | mycroft.skills.settings:get_local_settings:78 | /opt/mycroft/skills/mycroft-playback-control.mycroftai/settings.json
2020-09-04 12:55:32.657 | INFO     |  8834 | mycroft.skills.skill_loader:_check_for_first_run:300 | First run of mycroft-playback-control.mycroftai
2020-09-04 12:55:32.658 | INFO     |  8834 | mycroft.skills.settings:save_settings:111 | Skill settings successfully saved to /home/travis/.config/mycroft/skills/mycroft-playback-control.mycroftai/settings.json
2020-09-04 12:55:32.665 | INFO     |  8834 | mycroft.skills.skill_loader:_communicate_load_status:320 | Skill mycroft-playback-control.mycroftai loaded successfully
2020-09-04 12:55:32.667 | INFO     |  8834 | mycroft.skills.skill_loader:load:161 | ATTEMPTING TO LOAD SKILL: mycroft-personal.mycroftai
2020-09-04 12:55:32.670 | INFO     |  8834 | mycroft.skills.settings:get_local_settings:78 | /opt/mycroft/skills/mycroft-personal.mycroftai/settings.json
2020-09-04 12:55:32.694 | INFO     |  8834 | mycroft.skills.skill_loader:_check_for_first_run:300 | First run of mycroft-personal.mycroftai
2020-09-04 12:55:32.697 | INFO     |  8834 | mycroft.skills.settings:save_settings:111 | Skill settings successfully saved to /home/travis/.config/mycroft/skills/mycroft-personal.mycroftai/settings.json
2020-09-04 12:55:32.701 | INFO     |  8834 | mycroft.skills.skill_loader:_communicate_load_status:320 | Skill mycroft-personal.mycroftai loaded successfully
2020-09-04 12:55:32.701 | INFO     |  8834 | mycroft.skills.skill_loader:load:161 | ATTEMPTING TO LOAD SKILL: mycroft-hello-world.mycroftai
2020-09-04 12:55:32.706 | INFO     |  8834 | mycroft.skills.settings:get_local_settings:78 | /opt/mycroft/skills/mycroft-hello-world.mycroftai/settings.json
2020-09-04 12:55:32.720 | INFO     |  8834 | mycroft.skills.skill_loader:_check_for_first_run:300 | First run of mycroft-hello-world.mycroftai
2020-09-04 12:55:32.721 | INFO     |  8834 | mycroft.skills.settings:save_settings:111 | Skill settings successfully saved to /home/travis/.config/mycroft/skills/mycroft-hello-world.mycroftai/settings.json
2020-09-04 12:55:32.724 | INFO     |  8834 | mycroft.skills.skill_loader:_communicate_load_status:320 | Skill mycroft-hello-world.mycroftai loaded successfully
2020-09-04 12:55:32.725 | INFO     |  8834 | mycroft.skills.skill_loader:load:161 | ATTEMPTING TO LOAD SKILL: mycroft-date-time.mycroftai
2020-09-04 12:55:32.966 | INFO     |  8834 | mycroft.skills.settings:get_local_settings:78 | /opt/mycroft/skills/mycroft-date-time.mycroftai/settings.json
2020-09-04 12:55:32.995 | INFO     |  8834 | TimeSkill | Registering resting screen <bound method TimeSkill.handle_idle of <mycroft-date-time_mycroftai.TimeSkill object at 0x7f191267e2d0>> for Time and Date.
2020-09-04 12:55:32.997 | INFO     |  8834 | TimeSkill | Registering resting screen
2020-09-04 12:55:33.000 | INFO     |  8834 | mycroft.skills.skill_loader:_check_for_first_run:300 | First run of mycroft-date-time.mycroftai
2020-09-04 12:55:33.004 | INFO     |  8834 | mycroft.skills.settings:save_settings:111 | Skill settings successfully saved to /home/travis/.config/mycroft/skills/mycroft-date-time.mycroftai/settings.json
2020-09-04 12:55:33.006 | INFO     |  8834 | mycroft.skills.skill_loader:_communicate_load_status:320 | Skill mycroft-date-time.mycroftai loaded successfully
2020-09-04 12:55:33.006 | INFO     |  8834 | mycroft.skills.skill_loader:load:161 | ATTEMPTING TO LOAD SKILL: homeassistant.mycroftai
2020-09-04 12:55:33.025 | INFO     |  8834 | mycroft.skills.settings:get_local_settings:78 | /opt/mycroft/skills/homeassistant.mycroftai/settings.json
2020-09-04 12:55:33.028 | INFO     |  8834 | mycroft.skills.settings:get_local_settings:78 | /opt/mycroft/skills/homeassistant.mycroftai/settings.json
2020-09-04 12:55:33.079 | INFO     |  8834 | mycroft.skills.skill_loader:_communicate_load_status:320 | Skill homeassistant.mycroftai loaded successfully
2020-09-04 12:55:33.079 | INFO     |  8834 | mycroft.skills.skill_loader:load:161 | ATTEMPTING TO LOAD SKILL: mycroft-timer.mycroftai
2020-09-04 12:55:33.137 | INFO     |  8834 | mycroft.skills.settings:get_local_settings:78 | /opt/mycroft/skills/mycroft-timer.mycroftai/settings.json
2020-09-04 12:55:33.209 | INFO     |  8834 | mycroft.skills.skill_loader:_check_for_first_run:300 | First run of mycroft-timer.mycroftai
2020-09-04 12:55:33.210 | INFO     |  8834 | mycroft.skills.settings:save_settings:111 | Skill settings successfully saved to /home/travis/.config/mycroft/skills/mycroft-timer.mycroftai/settings.json
2020-09-04 12:55:33.211 | INFO     |  8834 | mycroft.skills.skill_loader:_communicate_load_status:320 | Skill mycroft-timer.mycroftai loaded successfully
2020-09-04 12:55:33.212 | INFO     |  8834 | mycroft.skills.skill_loader:load:161 | ATTEMPTING TO LOAD SKILL: mycroft-support-helper.mycroftai
2020-09-04 12:55:33.222 | INFO     |  8834 | mycroft.skills.settings:get_local_settings:78 | /opt/mycroft/skills/mycroft-support-helper.mycroftai/settings.json
2020-09-04 12:55:33.233 | INFO     |  8834 | mycroft.skills.skill_loader:_check_for_first_run:300 | First run of mycroft-support-helper.mycroftai
2020-09-04 12:55:33.234 | INFO     |  8834 | mycroft.skills.settings:save_settings:111 | Skill settings successfully saved to /home/travis/.config/mycroft/skills/mycroft-support-helper.mycroftai/settings.json
2020-09-04 12:55:33.236 | INFO     |  8834 | mycroft.skills.skill_loader:_communicate_load_status:320 | Skill mycroft-support-helper.mycroftai loaded successfully
2020-09-04 12:55:33.236 | INFO     |  8834 | mycroft.skills.skill_loader:load:161 | ATTEMPTING TO LOAD SKILL: fallback-query.mycroftai
2020-09-04 12:55:33.244 | INFO     |  8834 | mycroft.skills.settings:get_local_settings:78 | /opt/mycroft/skills/fallback-query.mycroftai/settings.json
2020-09-04 12:55:33.255 | INFO     |  8834 | mycroft.skills.skill_loader:_check_for_first_run:300 | First run of fallback-query.mycroftai
2020-09-04 12:55:33.256 | INFO     |  8834 | mycroft.skills.settings:save_settings:111 | Skill settings successfully saved to /home/travis/.config/mycroft/skills/fallback-query.mycroftai/settings.json
2020-09-04 12:55:33.258 | INFO     |  8834 | mycroft.skills.skill_loader:_communicate_load_status:320 | Skill fallback-query.mycroftai loaded successfully
2020-09-04 12:55:33.259 | INFO     |  8834 | mycroft.skills.skill_loader:load:161 | ATTEMPTING TO LOAD SKILL: fallback-unknown.mycroftai
2020-09-04 12:55:33.265 | INFO     |  8834 | mycroft.skills.settings:get_local_settings:78 | /opt/mycroft/skills/fallback-unknown.mycroftai/settings.json
2020-09-04 12:55:33.278 | INFO     |  8834 | mycroft.skills.skill_loader:_check_for_first_run:300 | First run of fallback-unknown.mycroftai
2020-09-04 12:55:33.279 | INFO     |  8834 | mycroft.skills.settings:save_settings:111 | Skill settings successfully saved to /home/travis/.config/mycroft/skills/fallback-unknown.mycroftai/settings.json
2020-09-04 12:55:33.281 | INFO     |  8834 | mycroft.skills.skill_loader:_communicate_load_status:320 | Skill fallback-unknown.mycroftai loaded successfully
2020-09-04 12:55:33.281 | INFO     |  8834 | mycroft.skills.skill_loader:load:161 | ATTEMPTING TO LOAD SKILL: mycroft-speak.mycroftai
2020-09-04 12:55:33.287 | INFO     |  8834 | mycroft.skills.settings:get_local_settings:78 | /opt/mycroft/skills/mycroft-speak.mycroftai/settings.json
2020-09-04 12:55:33.308 | INFO     |  8834 | mycroft.skills.skill_loader:_check_for_first_run:300 | First run of mycroft-speak.mycroftai
2020-09-04 12:55:33.309 | INFO     |  8834 | mycroft.skills.settings:save_settings:111 | Skill settings successfully saved to /home/travis/.config/mycroft/skills/mycroft-speak.mycroftai/settings.json
2020-09-04 12:55:33.312 | INFO     |  8834 | mycroft.skills.skill_loader:_communicate_load_status:320 | Skill mycroft-speak.mycroftai loaded successfully
2020-09-04 12:55:33.313 | INFO     |  8834 | mycroft.skills.skill_loader:load:161 | ATTEMPTING TO LOAD SKILL: mycroft-reminder.mycroftai
2020-09-04 12:55:33.331 | INFO     |  8834 | mycroft.skills.settings:get_local_settings:78 | /opt/mycroft/skills/mycroft-reminder.mycroftai/settings.json
2020-09-04 12:55:33.408 | INFO     |  8834 | mycroft.skills.skill_loader:_check_for_first_run:300 | First run of mycroft-reminder.mycroftai
2020-09-04 12:55:33.411 | INFO     |  8834 | mycroft.skills.settings:save_settings:111 | Skill settings successfully saved to /home/travis/.config/mycroft/skills/mycroft-reminder.mycroftai/settings.json
2020-09-04 12:55:33.417 | INFO     |  8834 | mycroft.skills.skill_loader:_communicate_load_status:320 | Skill mycroft-reminder.mycroftai loaded successfully
2020-09-04 12:55:33.421 | INFO     |  8834 | mycroft.skills.skill_loader:load:161 | ATTEMPTING TO LOAD SKILL: mycroft-alarm.mycroftai
2020-09-04 12:55:33.443 | INFO     |  8834 | mycroft.skills.settings:get_local_settings:78 | /opt/mycroft/skills/mycroft-alarm.mycroftai/settings.json
Removing event mycroft-alarm.mycroftai:NextAlarm
2020-09-04 12:55:33.522 | INFO     |  8834 | mycroft.skills.skill_loader:_check_for_first_run:300 | First run of mycroft-alarm.mycroftai
2020-09-04 12:55:33.524 | INFO     |  8834 | mycroft.skills.settings:save_settings:111 | Skill settings successfully saved to /home/travis/.config/mycroft/skills/mycroft-alarm.mycroftai/settings.json
2020-09-04 12:55:33.526 | INFO     |  8834 | mycroft.skills.skill_loader:_communicate_load_status:320 | Skill mycroft-alarm.mycroftai loaded successfully
2020-09-04 12:55:33.526 | INFO     |  8834 | mycroft.skills.skill_manager:_load_on_startup:272 | Skills all loaded!
2020-09-04 12:55:33.729 | INFO     |  8834 | mycroft.skills.padatious_service:train:100 | Training... (single_thread=False)
Regenerated mycroft-alarm.mycroftai:{daytype}.
Regenerated mycroft-stop.mycroftai:shutdown.intent.
Regenerated mycroft-stop.mycroftai:ssh.disable.intent.
Regenerated mycroft-stop.mycroftai:reboot.intent.
Regenerated mycroft-stop.mycroftai:wifi.setup.intent.
Regenerated mycroft-installer.mycroftai:install.intent.
Regenerated mycroft-installer.mycroftai:install.custom.intent.
Regenerated mycroft-installer.mycroftai:list.skills.intent.
Regenerated mycroft-installer.mycroftai:install.beta.intent.
Regenerated mycroft-weather.mycroftai:what.is.three.day.forecast.location.intent.
Regenerated mycroft-personal.mycroftai:WhenWereYouBorn.intent.
Regenerated mycroft-personal.mycroftai:WhoAreYou.intent.
Regenerated mycroft-personal.mycroftai:WhoMadeYou.intent.
Regenerated mycroft-personal.mycroftai:DoYouRhyme.intent.
Regenerated mycroft-personal.mycroftai:WhereWereYouBorn.intent.
Regenerated mycroft-personal.mycroftai:DoYouDream.intent.
Regenerated mycroft-personal.mycroftai:WhatAreYou.intent.
Regenerated mycroft-hello-world.mycroftai:HowAreYou.intent.
Regenerated mycroft-date-time.mycroftai:what.time.is.it.intent.
Regenerated mycroft-date-time.mycroftai:date.future.weekend.intent.
Regenerated mycroft-date-time.mycroftai:what.time.will.it.be.intent.
Regenerated mycroft-date-time.mycroftai:date.last.weekend.intent.
Regenerated homeassistant.mycroftai:add.item.shopping.list.intent.
Regenerated homeassistant.mycroftai:turn.off.intent.
Regenerated homeassistant.mycroftai:turn.on.intent.
Regenerated mycroft-configuration.mycroftai:EnablePreciseDev.intent.
Regenerated mycroft-configuration.mycroftai:DisablePreciseDev.intent.
Regenerated mycroft-configuration.mycroftai:WhereAreYou.intent.
Regenerated mycroft-wiki.mycroftai:Random.intent.
Regenerated mycroft-audio-record.mycroftai:PlayRecording.intent.
Regenerated mycroft-audio-record.mycroftai:StartRecording.intent.
Regenerated mycroft-npr-news.mycroftai:PlayTheNews.intent.
Regenerated mycroft-stop.mycroftai:ssh.enable.intent.
Regenerated mycroft-installer.mycroftai:is.installed.intent.
Regenerated mycroft-installer.mycroftai:remove.intent.
Regenerated mycroft-weather.mycroftai:what.is.three.day.forecast.intent.
Regenerated mycroft-weather.mycroftai:what.is.two.day.forecast.intent.
Regenerated mycroft-weather.mycroftai:simple.temperature.intent.
Regenerated mycroft-weather.mycroftai:what.is.multi.day.forecast.intent.
Regenerated mycroft-weather.mycroftai:do.i.need.an.umbrella.intent.
Regenerated mycroft-weather.mycroftai:whats.weather.like.intent.
Regenerated homeassistant.mycroftai:toggle.intent.
Regenerated homeassistant.mycroftai:sensor.intent.
Regenerated homeassistant.mycroftai:set.light.brightness.intent.
Regenerated homeassistant.mycroftai:increase.light.brightness.intent.
Regenerated homeassistant.mycroftai:decrease.light.brightness.intent.
Regenerated homeassistant.mycroftai:automation.intent.
Regenerated homeassistant.mycroftai:tracker.intent.
Regenerated homeassistant.mycroftai:set.climate.intent.
Regenerated mycroft-support-helper.mycroftai:contact.support.intent.
Regenerated mycroft-timer.mycroftai:timer.status.intent.
Regenerated mycroft-timer.mycroftai:stop.timer.intent.
Regenerated mycroft-timer.mycroftai:start.timer.intent.
Regenerated mycroft-reminder.mycroftai:GetRemindersForDay.intent.
Regenerated mycroft-reminder.mycroftai:CancelActiveReminder.intent.
Regenerated mycroft-reminder.mycroftai:GetNextReminders.intent.
Regenerated mycroft-reminder.mycroftai:DeleteReminderForDay.intent.
Regenerated mycroft-reminder.mycroftai:ClearReminders.intent.
Regenerated mycroft-reminder.mycroftai:Reminder.intent.
Regenerated mycroft-reminder.mycroftai:SnoozeReminder.intent.
Regenerated mycroft-reminder.mycroftai:ReminderAt.intent.
Regenerated mycroft-reminder.mycroftai:UnspecifiedReminderAt.intent.
Regenerated mycroft-alarm.mycroftai:change.alarm.sound.intent.
Regenerated mycroft-alarm.mycroftai:snooze.intent.
Removing event mycroft-timer.mycroftai:ShowTimer
2020-09-04 12:55:44.901 | INFO     |  8834 | mycroft.skills.padatious_service:train:102 | Training complete.
2020-09-04 12:55:44.901 | INFO     |  8834 | mycroft.skills.padatious_service:train:106 | Mycroft is all loaded and ready to roll!
2020-09-04 12:55:58.572 | INFO     |  8834 | PairingSkill | Pairing code: YRTJV4
2020-09-04 12:56:00.696 | INFO     |  8834 | geocoder.base | Requested https://nominatim.openstreetmap.org/search?q=America%2FChicago&format=jsonv2&addressdetails=1&limit=1
2020-09-04 12:56:30.359 | WARNING  |  8834 | ConfigurationSkill | Impossible to update configuration because device isn't paired
2020-09-04 12:56:59.224 | INFO     |  8834 | PairingSkill | Pairing code: YRTJV4
2020-09-04 12:57:30.438 | WARNING  |  8834 | ConfigurationSkill | Impossible to update configuration because device isn't paired
2020-09-04 12:57:59.893 | INFO     |  8834 | PairingSkill | Pairing code: YRTJV4
2020-09-04 12:58:29.945 | INFO     |  8834 | __main__:on_stopping:185 | Skill service is shutting down...
2020-09-04 12:58:29.947 | INFO     |  8834 | __main__:shutdown:281 | Shutting down skill service
2020-09-04 12:58:30.423 | INFO     |  8834 | mycroft.skills.settings:save_settings:111 | Skill settings successfully saved to /home/travis/.config/mycroft/skills/mycroft-volume.mycroftai/settings.json
Removing event mycroft-configuration.mycroftai:UpdateRemote
2020-09-04 12:58:30.438 | INFO     |  8834 | mycroft.skills.settings:save_settings:111 | Skill settings successfully saved to /home/travis/.config/mycroft/skills/mycroft-configuration.mycroftai/settings.json
Removing event mycroft-configuration.mycroftai:ConfigurationSkillupdate_remote
2020-09-04 12:58:30.452 | ERROR    |  8834 | mycroft.skills.mycroft_skill.mycroft_skill:default_shutdown:1266 | Skill specific shutdown function encountered an error: AttributeError("'WolframAlphaSkill' object has no attribute 'remove_fallback'")
2020-09-04 12:58:30.453 | INFO     |  8834 | mycroft.skills.settings:save_settings:111 | Skill settings successfully saved to /home/travis/.config/mycroft/skills/fallback-wolfram-alpha.mycroftai/settings.json
2020-09-04 12:58:30.460 | INFO     |  8834 | mycroft.skills.settings:save_settings:111 | Skill settings successfully saved to /home/travis/.config/mycroft/skills/mycroft-wiki.mycroftai/settings.json
2020-09-04 12:58:30.468 | INFO     |  8834 | mycroft.skills.settings:save_settings:111 | Skill settings successfully saved to /home/travis/.config/mycroft/skills/mycroft-singing.mycroftai/settings.json
2020-09-04 12:58:30.476 | INFO     |  8834 | mycroft.skills.settings:save_settings:111 | Skill settings successfully saved to /home/travis/.config/mycroft/skills/mycroft-audio-record.mycroftai/settings.json
2020-09-04 12:58:30.486 | INFO     |  8834 | mycroft.skills.settings:save_settings:111 | Skill settings successfully saved to /home/travis/.config/mycroft/skills/mycroft-naptime.mycroftai/settings.json
2020-09-04 12:58:30.493 | INFO     |  8834 | mycroft.skills.settings:save_settings:111 | Skill settings successfully saved to /home/travis/.config/mycroft/skills/mycroft-version-checker.mycroftai/settings.json
Removing event mycroft-version-checker.mycroftai:DailyVersionCheck
2020-09-04 12:58:30.503 | INFO     |  8834 | mycroft.skills.settings:save_settings:111 | Skill settings successfully saved to /home/travis/.config/mycroft/skills/mycroft-spelling.mycroftai/settings.json
2020-09-04 12:58:30.510 | INFO     |  8834 | mycroft.skills.settings:save_settings:111 | Skill settings successfully saved to /home/travis/.config/mycroft/skills/mycroft-fallback-duck-duck-go.mycroftai/settings.json
2020-09-04 12:58:30.517 | INFO     |  8834 | mycroft.skills.settings:save_settings:111 | Skill settings successfully saved to /home/travis/.config/mycroft/skills/mycroft-npr-news.mycroftai/settings.json
2020-09-04 12:58:30.528 | INFO     |  8834 | mycroft.skills.settings:save_settings:111 | Skill settings successfully saved to /home/travis/.config/mycroft/skills/mycroft-stop.mycroftai/settings.json
2020-09-04 12:58:30.536 | INFO     |  8834 | mycroft.skills.settings:save_settings:111 | Skill settings successfully saved to /home/travis/.config/mycroft/skills/mycroft-ip.mycroftai/settings.json
2020-09-04 12:58:30.543 | INFO     |  8834 | mycroft.skills.settings:save_settings:111 | Skill settings successfully saved to /home/travis/.config/mycroft/skills/mycroft-joke.mycroftai/settings.json
2020-09-04 12:58:30.551 | INFO     |  8834 | mycroft.skills.settings:save_settings:111 | Skill settings successfully saved to /home/travis/.config/mycroft/skills/mycroft-installer.mycroftai/settings.json
2020-09-04 12:58:30.559 | INFO     |  8834 | mycroft.skills.settings:save_settings:111 | Skill settings successfully saved to /home/travis/.config/mycroft/skills/mycroft-weather.mycroftai/settings.json
Removing event mycroft-weather.mycroftai:precache1
Removing event mycroft-weather.mycroftai:precache2
Removing event mycroft-weather.mycroftai:precache3
2020-09-04 12:58:30.586 | INFO     |  8834 | mycroft.skills.settings:save_settings:111 | Skill settings successfully saved to /home/travis/.config/mycroft/skills/mycroft-playback-control.mycroftai/settings.json
2020-09-04 12:58:31.601 | INFO     |  8834 | Playback Control Skill | Audio service status: {}
2020-09-04 12:58:32.604 | WARNING  |  8834 | mycroft.skills.skill_manager:_shutdown_skill:104 | mycroft-playback-control.mycroftai shutdown took 2.0180046130000164 seconds
2020-09-04 12:58:32.604 | INFO     |  8834 | mycroft.skills.settings:save_settings:111 | Skill settings successfully saved to /home/travis/.config/mycroft/skills/mycroft-personal.mycroftai/settings.json
2020-09-04 12:58:32.613 | INFO     |  8834 | mycroft.skills.settings:save_settings:111 | Skill settings successfully saved to /home/travis/.config/mycroft/skills/mycroft-hello-world.mycroftai/settings.json
2020-09-04 12:58:32.621 | INFO     |  8834 | mycroft.skills.settings:save_settings:111 | Skill settings successfully saved to /home/travis/.config/mycroft/skills/mycroft-date-time.mycroftai/settings.json
Removing event mycroft-date-time.mycroftai:TimeSkillupdate_display
2020-09-04 12:58:32.635 | INFO     |  8834 | HomeAssistantSkill | Removing all handlers...
2020-09-04 12:58:32.636 | WARNING  |  8834 | mycroft.skills.fallback_skill:remove_fallback:176 | Could not find matching fallback handler
2020-09-04 12:58:32.648 | INFO     |  8834 | mycroft.skills.settings:save_settings:111 | Skill settings successfully saved to /home/travis/.config/mycroft/skills/mycroft-timer.mycroftai/settings.json
2020-09-04 12:58:32.659 | INFO     |  8834 | mycroft.skills.settings:save_settings:111 | Skill settings successfully saved to /home/travis/.config/mycroft/skills/mycroft-support-helper.mycroftai/settings.json
2020-09-04 12:58:32.665 | INFO     |  8834 | QuestionsAnswersSkill | Removing all handlers...
2020-09-04 12:58:32.666 | INFO     |  8834 | mycroft.skills.settings:save_settings:111 | Skill settings successfully saved to /home/travis/.config/mycroft/skills/fallback-query.mycroftai/settings.json
2020-09-04 12:58:32.671 | INFO     |  8834 | UnknownSkill | Removing all handlers...
2020-09-04 12:58:32.673 | INFO     |  8834 | mycroft.skills.settings:save_settings:111 | Skill settings successfully saved to /home/travis/.config/mycroft/skills/fallback-unknown.mycroftai/settings.json
2020-09-04 12:58:32.679 | INFO     |  8834 | mycroft.skills.settings:save_settings:111 | Skill settings successfully saved to /home/travis/.config/mycroft/skills/mycroft-speak.mycroftai/settings.json
2020-09-04 12:58:32.685 | ERROR    |  8834 | mycroft.skills.mycroft_skill.mycroft_skill:default_shutdown:1266 | Skill specific shutdown function encountered an error: NameError("name 'WebsocketClient' is not defined")
2020-09-04 12:58:32.686 | INFO     |  8834 | mycroft.skills.settings:save_settings:111 | Skill settings successfully saved to /home/travis/.config/mycroft/skills/mycroft-reminder.mycroftai/settings.json
Removing event mycroft-reminder.mycroftai:reminder
2020-09-04 12:58:32.700 | INFO     |  8834 | mycroft.skills.settings:save_settings:111 | Skill settings successfully saved to /home/travis/.config/mycroft/skills/mycroft-alarm.mycroftai/settings.json
2020-09-04 12:58:32.712 | INFO     |  8834 | __main__:shutdown:288 | Skill service shutdown complete!
2020-09-04 12:58:32.755 | ERROR    |  8834 | websocket | error from callback <bound method MessageBusClient.on_message of <mycroft.messagebus.client.client.MessageBusClient object at 0x7f196662a490>>: cannot schedule new futures after shutdown
