2020-09-04 13:03:56.804 | INFO     |  8928 | mycroft.messagebus.load_config:load_message_bus_config:33 | Loading message bus configs
ALSA lib confmisc.c:767:(parse_card) cannot find card '0'
ALSA lib conf.c:4528:(_snd_config_evaluate) function snd_func_card_driver returned error: No such file or directory
ALSA lib confmisc.c:392:(snd_func_concat) error evaluating strings
ALSA lib conf.c:4528:(_snd_config_evaluate) function snd_func_concat returned error: No such file or directory
ALSA lib confmisc.c:1246:(snd_func_refer) error evaluating name
ALSA lib conf.c:4528:(_snd_config_evaluate) function snd_func_refer returned error: No such file or directory
ALSA lib conf.c:5007:(snd_config_expand) Evaluate error: No such file or directory
ALSA lib pcm.c:2495:(snd_pcm_open_noupdate) Unknown PCM sysdefault
ALSA lib confmisc.c:767:(parse_card) cannot find card '0'
ALSA lib conf.c:4528:(_snd_config_evaluate) function snd_func_card_driver returned error: No such file or directory
ALSA lib confmisc.c:392:(snd_func_concat) error evaluating strings
ALSA lib conf.c:4528:(_snd_config_evaluate) function snd_func_concat returned error: No such file or directory
ALSA lib confmisc.c:1246:(snd_func_refer) error evaluating name
ALSA lib conf.c:4528:(_snd_config_evaluate) function snd_func_refer returned error: No such file or directory
ALSA lib conf.c:5007:(snd_config_expand) Evaluate error: No such file or directory
ALSA lib pcm.c:2495:(snd_pcm_open_noupdate) Unknown PCM sysdefault
ALSA lib pcm.c:2495:(snd_pcm_open_noupdate) Unknown PCM cards.pcm.front
ALSA lib pcm.c:2495:(snd_pcm_open_noupdate) Unknown PCM cards.pcm.rear
ALSA lib pcm.c:2495:(snd_pcm_open_noupdate) Unknown PCM cards.pcm.center_lfe
ALSA lib pcm.c:2495:(snd_pcm_open_noupdate) Unknown PCM cards.pcm.side
ALSA lib pcm.c:2495:(snd_pcm_open_noupdate) Unknown PCM cards.pcm.surround21
ALSA lib pcm.c:2495:(snd_pcm_open_noupdate) Unknown PCM cards.pcm.surround21
ALSA lib pcm.c:2495:(snd_pcm_open_noupdate) Unknown PCM cards.pcm.surround40
ALSA lib pcm.c:2495:(snd_pcm_open_noupdate) Unknown PCM cards.pcm.surround41
ALSA lib pcm.c:2495:(snd_pcm_open_noupdate) Unknown PCM cards.pcm.surround50
ALSA lib pcm.c:2495:(snd_pcm_open_noupdate) Unknown PCM cards.pcm.surround51
ALSA lib pcm.c:2495:(snd_pcm_open_noupdate) Unknown PCM cards.pcm.surround71
ALSA lib pcm.c:2495:(snd_pcm_open_noupdate) Unknown PCM cards.pcm.iec958
ALSA lib pcm.c:2495:(snd_pcm_open_noupdate) Unknown PCM cards.pcm.iec958
ALSA lib pcm.c:2495:(snd_pcm_open_noupdate) Unknown PCM cards.pcm.iec958
ALSA lib pcm.c:2495:(snd_pcm_open_noupdate) Unknown PCM cards.pcm.hdmi
ALSA lib pcm.c:2495:(snd_pcm_open_noupdate) Unknown PCM cards.pcm.hdmi
ALSA lib pcm.c:2495:(snd_pcm_open_noupdate) Unknown PCM cards.pcm.modem
ALSA lib pcm.c:2495:(snd_pcm_open_noupdate) Unknown PCM cards.pcm.modem
ALSA lib pcm.c:2495:(snd_pcm_open_noupdate) Unknown PCM cards.pcm.phoneline
ALSA lib pcm.c:2495:(snd_pcm_open_noupdate) Unknown PCM cards.pcm.phoneline
ALSA lib confmisc.c:767:(parse_card) cannot find card '0'
ALSA lib conf.c:4528:(_snd_config_evaluate) function snd_func_card_driver returned error: No such file or directory
ALSA lib confmisc.c:392:(snd_func_concat) error evaluating strings
ALSA lib conf.c:4528:(_snd_config_evaluate) function snd_func_concat returned error: No such file or directory
ALSA lib confmisc.c:1246:(snd_func_refer) error evaluating name
ALSA lib conf.c:4528:(_snd_config_evaluate) function snd_func_refer returned error: No such file or directory
ALSA lib conf.c:5007:(snd_config_expand) Evaluate error: No such file or directory
ALSA lib pcm.c:2495:(snd_pcm_open_noupdate) Unknown PCM dmix
2020-09-04 13:03:56.975 | INFO     |  8928 | mycroft.client.speech.listener:create_wake_word_recognizer:328 | Creating wake word engine
2020-09-04 13:03:56.976 | INFO     |  8928 | mycroft.client.speech.listener:create_wake_word_recognizer:351 | Using hotword entry for hey mycroft
2020-09-04 13:03:56.978 | INFO     |  8928 | mycroft.client.speech.hotword_factory:load_module:403 | Loading "hey mycroft" wake word via precise
2020-09-04 13:03:57.523 | INFO     |  8928 | mycroft.client.speech.hotword_factory:on_download:254 | Downloading Precise executable...
2020-09-04 13:03:59.961 | INFO     |  8928 | mycroft.client.speech.hotword_factory:on_complete:274 | Precise download complete!
2020-09-04 13:04:00.107 | INFO     |  8928 | mycroft.client.speech.hotword_factory:load_module:403 | Loading "hey mycroft" wake word via pocketsphinx
2020-09-04 13:04:00.140 | INFO     |  8928 | mycroft.client.speech.listener:create_wakeup_recognizer:365 | creating stand up word engine
2020-09-04 13:04:00.141 | INFO     |  8928 | mycroft.client.speech.hotword_factory:load_module:403 | Loading "wake up" wake word via pocketsphinx
2020-09-04 13:04:00.167 | INFO     |  8928 | mycroft.messagebus.client.client:on_open:114 | Connected
2020-09-04 13:04:00.171 | INFO     |  8928 | __main__:on_ready:175 | Speech client is ready.
2020-09-04 13:04:02.325 | INFO     |  8928 | mycroft.client.speech.listener:create_wake_word_recognizer:328 | Creating wake word engine
2020-09-04 13:04:02.326 | INFO     |  8928 | mycroft.client.speech.listener:create_wake_word_recognizer:351 | Using hotword entry for hey mycroft
2020-09-04 13:04:02.326 | INFO     |  8928 | mycroft.client.speech.hotword_factory:load_module:403 | Loading "hey mycroft" wake word via precise
2020-09-04 13:04:02.826 | INFO     |  8928 | mycroft.client.speech.hotword_factory:<lambda>:238 | Updated precise model
2020-09-04 13:04:02.975 | INFO     |  8928 | mycroft.client.speech.listener:create_wakeup_recognizer:365 | creating stand up word engine
2020-09-04 13:04:02.976 | INFO     |  8928 | mycroft.client.speech.hotword_factory:load_module:403 | Loading "wake up" wake word via pocketsphinx
2020-09-04 13:08:14.265 | INFO     |  8928 | __main__:on_stopping:179 | Speech service is shutting down...
